<?xml version="1.0" encoding="UTF-8"?>
<testsuite xmlns:xsi="http://www.w3.org/2001/XMLSchema-instance" xsi:noNamespaceSchemaLocation="https://maven.apache.org/surefire/maven-surefire-plugin/xsd/surefire-test-report-3.0.xsd" version="3.0" name="TestSuite" time="27.898" tests="1" errors="0" skipped="0" failures="0">
  <properties>
[...]
</properties>
  <testcase name="runScenario[&quot;Search experience for product and adding them to cart&quot;, &quot;Search and add product to the cart&quot;](1)" classname="cucumberOptions.TestNGTestRunner" time="23.319">
    <system-out><![CDATA[
@PlaceOrder
Scenario Outline: Search experience for product and adding them to cart    # src/test/java/features/addToCart.feature:13
  Given User is on GreenKart landing page                                  # stepDefinitions.LandingPageStepDefinition.user_is_on_green_kart_landing_page()
Tomato is extracted from Home page
  When User search with shortname Tom and extracted actual name of product # stepDefinitions.LandingPageStepDefinition.user_search_with_shortname_and_extracted_actual_name_of_product(java.lang.String)
  Then User add 3 more items of product and add them to cart               # stepDefinitions.LandingPageStepDefinition.user_add_more_items_of_product_and_add_them_to_cart(java.lang.Integer)
  And Open the cart and proceed to checkout                                # stepDefinitions.LandingPageStepDefinition.Open_the_cart_and_proceed_to_checkout()
  Then Validate the product name in cart page matches with landing page    # stepDefinitions.CartPageStepDefinitaion.validate_the_product_name_in_cart_page_matches_with_landing_page()
  And Verify user has ability to enter promo code and place order          # stepDefinitions.CartPageStepDefinitaion.verify_user_has_ability_to_enter_promo_code_and_place_order()
]]></system-out>
    <system-err><![CDATA[SLF4J: Failed to load class "org.slf4j.impl.StaticLoggerBinder".
SLF4J: Defaulting to no-operation (NOP) logger implementation
SLF4J: See http://www.slf4j.org/codes.html#StaticLoggerBinder for further details.
Mar 12, 2024 11:23:37 PM org.openqa.selenium.devtools.CdpVersionFinder findNearestMatch
WARNING: Unable to find an exact match for CDP version 122, returning the closest version; found: 121; Please update to a Selenium version that supports CDP version 122
]]></system-err>
  </testcase>
</testsuite>